****                   ADMIXTURE Version 1.3.0                  ****
****                    Copyright 2008-2015                     ****
****           David Alexander, Suyash Shringarpure,            ****
****                John  Novembre, Ken Lange                   ****
****                                                            ****
****                 Please cite our paper!                     ****
****   Information at www.genetics.ucla.edu/software/admixture  ****

Parallel execution requested.  Will use 20 threads.
Cross-validation will be performed.  Folds=5.
Random seed: 12345
Point estimation method: Block relaxation algorithm
Convergence acceleration algorithm: QuasiNewton, 3 secant conditions
Point estimation will terminate when objective function delta < 0.0001
Estimation of standard errors disabled; will compute point estimates only.
Size of G: 1127x6988
Performing five EM steps to prime main algorithm
1 (EM) 	Elapsed: 0.748	Loglikelihood: -445190	(delta): 1.51271e+07
2 (EM) 	Elapsed: 0.667	Loglikelihood: -445190	(delta): 5.82077e-11
3 (EM) 	Elapsed: 0.645	Loglikelihood: -445190	(delta): 0
4 (EM) 	Elapsed: 0.634	Loglikelihood: -445190	(delta): 5.82077e-11
5 (EM) 	Elapsed: 0.631	Loglikelihood: -445190	(delta): 0
Initial loglikelihood: -445190
Starting main algorithm
1 (QN/Block) 	Elapsed: 1.796	Loglikelihood: -445190	(delta): 0
Summary: 
Converged in 1 iterations (5.23 sec)
Loglikelihood: -445190.389941
CV error (K=1): 0.04734
Writing output files.
