****                   ADMIXTURE Version 1.3.0                  ****
****                    Copyright 2008-2015                     ****
****           David Alexander, Suyash Shringarpure,            ****
****                John  Novembre, Ken Lange                   ****
****                                                            ****
****                 Please cite our paper!                     ****
****   Information at www.genetics.ucla.edu/software/admixture  ****

Parallel execution requested.  Will use 20 threads.
Cross-validation will be performed.  Folds=5.
Random seed: 12345
Point estimation method: Block relaxation algorithm
Convergence acceleration algorithm: QuasiNewton, 3 secant conditions
Point estimation will terminate when objective function delta < 0.0001
Estimation of standard errors disabled; will compute point estimates only.
Size of G: 1127x6988
Performing five EM steps to prime main algorithm
1 (EM) 	Elapsed: 1.822	Loglikelihood: -509295	(delta): 1.21459e+07
2 (EM) 	Elapsed: 1.784	Loglikelihood: -446071	(delta): 63224.1
3 (EM) 	Elapsed: 1.723	Loglikelihood: -442252	(delta): 3818.94
4 (EM) 	Elapsed: 1.749	Loglikelihood: -440431	(delta): 1820.99
5 (EM) 	Elapsed: 1.722	Loglikelihood: -439344	(delta): 1086.64
Initial loglikelihood: -439344
Starting main algorithm
1 (QN/Block) 	Elapsed: 3.997	Loglikelihood: -430125	(delta): 9218.8
2 (QN/Block) 	Elapsed: 3.996	Loglikelihood: -424622	(delta): 5503.28
3 (QN/Block) 	Elapsed: 4.135	Loglikelihood: -418845	(delta): 5776.4
4 (QN/Block) 	Elapsed: 4.026	Loglikelihood: -414782	(delta): 4063.76
5 (QN/Block) 	Elapsed: 4.125	Loglikelihood: -412671	(delta): 2110.87
6 (QN/Block) 	Elapsed: 4.045	Loglikelihood: -411528	(delta): 1142.71
7 (QN/Block) 	Elapsed: 4.068	Loglikelihood: -410303	(delta): 1225.42
8 (QN/Block) 	Elapsed: 4.068	Loglikelihood: -409080	(delta): 1223.04
9 (QN/Block) 	Elapsed: 4.064	Loglikelihood: -408436	(delta): 644.076
10 (QN/Block) 	Elapsed: 4.045	Loglikelihood: -408212	(delta): 223.515
11 (QN/Block) 	Elapsed: 4.067	Loglikelihood: -408108	(delta): 103.776
12 (QN/Block) 	Elapsed: 4.106	Loglikelihood: -408060	(delta): 48.0537
13 (QN/Block) 	Elapsed: 4.121	Loglikelihood: -408029	(delta): 31.3915
14 (QN/Block) 	Elapsed: 4.168	Loglikelihood: -407999	(delta): 30.3467
15 (QN/Block) 	Elapsed: 4.186	Loglikelihood: -407989	(delta): 9.77678
16 (QN/Block) 	Elapsed: 4.17	Loglikelihood: -407976	(delta): 12.8339
17 (QN/Block) 	Elapsed: 4.155	Loglikelihood: -407967	(delta): 9.29702
18 (QN/Block) 	Elapsed: 4.157	Loglikelihood: -407961	(delta): 5.46088
19 (QN/Block) 	Elapsed: 4.12	Loglikelihood: -407959	(delta): 2.20924
20 (QN/Block) 	Elapsed: 4.11	Loglikelihood: -407957	(delta): 1.97211
21 (QN/Block) 	Elapsed: 4.02	Loglikelihood: -407953	(delta): 3.75739
22 (QN/Block) 	Elapsed: 4.021	Loglikelihood: -407943	(delta): 9.86612
23 (QN/Block) 	Elapsed: 3.964	Loglikelihood: -407938	(delta): 4.98734
24 (QN/Block) 	Elapsed: 3.948	Loglikelihood: -407938	(delta): 0.745589
25 (QN/Block) 	Elapsed: 4	Loglikelihood: -407937	(delta): 0.340371
26 (QN/Block) 	Elapsed: 3.99	Loglikelihood: -407937	(delta): 0.101986
27 (QN/Block) 	Elapsed: 3.999	Loglikelihood: -407937	(delta): 0.0908117
28 (QN/Block) 	Elapsed: 4.062	Loglikelihood: -407937	(delta): 0.311328
29 (QN/Block) 	Elapsed: 4.039	Loglikelihood: -407936	(delta): 0.971768
30 (QN/Block) 	Elapsed: 4.128	Loglikelihood: -407933	(delta): 2.54226
31 (QN/Block) 	Elapsed: 4.076	Loglikelihood: -407933	(delta): 0.218637
32 (QN/Block) 	Elapsed: 4.011	Loglikelihood: -407933	(delta): 0.0333308
33 (QN/Block) 	Elapsed: 4.074	Loglikelihood: -407933	(delta): 0.0321219
34 (QN/Block) 	Elapsed: 4.235	Loglikelihood: -407933	(delta): 0.0135206
35 (QN/Block) 	Elapsed: 4.05	Loglikelihood: -407933	(delta): 0.0755275
36 (QN/Block) 	Elapsed: 4.006	Loglikelihood: -407933	(delta): 0.405677
37 (QN/Block) 	Elapsed: 3.996	Loglikelihood: -407932	(delta): 0.902683
38 (QN/Block) 	Elapsed: 4.009	Loglikelihood: -407932	(delta): 0.0611318
39 (QN/Block) 	Elapsed: 4.05	Loglikelihood: -407932	(delta): 0.0314867
40 (QN/Block) 	Elapsed: 4.114	Loglikelihood: -407931	(delta): 0.0363019
41 (QN/Block) 	Elapsed: 4.121	Loglikelihood: -407931	(delta): 0.151301
42 (QN/Block) 	Elapsed: 4.167	Loglikelihood: -407931	(delta): 0.0577138
43 (QN/Block) 	Elapsed: 4.017	Loglikelihood: -407931	(delta): 0.0744285
44 (QN/Block) 	Elapsed: 4.068	Loglikelihood: -407931	(delta): 0.0328679
45 (QN/Block) 	Elapsed: 4.056	Loglikelihood: -407931	(delta): 0.0423331
46 (QN/Block) 	Elapsed: 4.276	Loglikelihood: -407931	(delta): 0.0149376
47 (QN/Block) 	Elapsed: 4.118	Loglikelihood: -407931	(delta): 0.0151524
48 (QN/Block) 	Elapsed: 4.114	Loglikelihood: -407931	(delta): 0.000422974
49 (QN/Block) 	Elapsed: 4.108	Loglikelihood: -407931	(delta): 0.000200897
50 (QN/Block) 	Elapsed: 4.123	Loglikelihood: -407931	(delta): 1.97528e-05
Summary: 
Converged in 50 iterations (213.326 sec)
Loglikelihood: -407931.081469
Fst divergences between estimated populations: 
	Pop0	Pop1	
Pop0	
Pop1	0.025	
Pop2	0.012	0.023	
CV error (K=3): 0.04683
Writing output files.
