****                   ADMIXTURE Version 1.3.0                  ****
****                    Copyright 2008-2015                     ****
****           David Alexander, Suyash Shringarpure,            ****
****                John  Novembre, Ken Lange                   ****
****                                                            ****
****                 Please cite our paper!                     ****
****   Information at www.genetics.ucla.edu/software/admixture  ****

Parallel execution requested.  Will use 20 threads.
Treating all data as haploid
Cross-validation will be performed.  Folds=5.
Random seed: 12345
Point estimation method: Block relaxation algorithm
Convergence acceleration algorithm: QuasiNewton, 3 secant conditions
Point estimation will terminate when objective function delta < 0.0001
Estimation of standard errors disabled; will compute point estimates only.
./admixture_input.map
Size of G: 1127x13934
Performing five EM steps to prime main algorithm
1 (EM) 	Elapsed: 1.321	Loglikelihood: -1.01256e+06	(delta): 2.33466e+07
2 (EM) 	Elapsed: 1.299	Loglikelihood: -859530	(delta): 153031
3 (EM) 	Elapsed: 1.084	Loglikelihood: -849733	(delta): 9797.27
4 (EM) 	Elapsed: 1.026	Loglikelihood: -845029	(delta): 4704.07
5 (EM) 	Elapsed: 1.032	Loglikelihood: -842002	(delta): 3026.63
Initial loglikelihood: -842002
Starting main algorithm
1 (QN/Block) 	Elapsed: 3.366	Loglikelihood: -817344	(delta): 24658
2 (QN/Block) 	Elapsed: 3.673	Loglikelihood: -802347	(delta): 14997.3
3 (QN/Block) 	Elapsed: 4.144	Loglikelihood: -790267	(delta): 12079.2
4 (QN/Block) 	Elapsed: 3.968	Loglikelihood: -780266	(delta): 10001.3
5 (QN/Block) 	Elapsed: 4.505	Loglikelihood: -774893	(delta): 5372.76
6 (QN/Block) 	Elapsed: 2.471	Loglikelihood: -771829	(delta): 3064.11
7 (QN/Block) 	Elapsed: 2.479	Loglikelihood: -769932	(delta): 1897.19
8 (QN/Block) 	Elapsed: 2.471	Loglikelihood: -768661	(delta): 1270.85
9 (QN/Block) 	Elapsed: 2.467	Loglikelihood: -767778	(delta): 883.048
10 (QN/Block) 	Elapsed: 2.495	Loglikelihood: -767191	(delta): 586.934
11 (QN/Block) 	Elapsed: 2.483	Loglikelihood: -766635	(delta): 556.417
12 (QN/Block) 	Elapsed: 2.466	Loglikelihood: -766057	(delta): 578.117
13 (QN/Block) 	Elapsed: 2.453	Loglikelihood: -765775	(delta): 281.25
14 (QN/Block) 	Elapsed: 2.497	Loglikelihood: -765572	(delta): 203.645
15 (QN/Block) 	Elapsed: 3.365	Loglikelihood: -765381	(delta): 190.322
16 (QN/Block) 	Elapsed: 3.511	Loglikelihood: -765236	(delta): 145.272
17 (QN/Block) 	Elapsed: 2.588	Loglikelihood: -765067	(delta): 168.937
18 (QN/Block) 	Elapsed: 2.515	Loglikelihood: -764883	(delta): 183.888
19 (QN/Block) 	Elapsed: 2.494	Loglikelihood: -764704	(delta): 179.304
20 (QN/Block) 	Elapsed: 2.51	Loglikelihood: -764490	(delta): 214.527
21 (QN/Block) 	Elapsed: 2.506	Loglikelihood: -764244	(delta): 245.89
22 (QN/Block) 	Elapsed: 2.5	Loglikelihood: -763860	(delta): 383.85
23 (QN/Block) 	Elapsed: 2.486	Loglikelihood: -763459	(delta): 400.716
24 (QN/Block) 	Elapsed: 2.518	Loglikelihood: -762964	(delta): 494.642
25 (QN/Block) 	Elapsed: 2.932	Loglikelihood: -762247	(delta): 716.978
26 (QN/Block) 	Elapsed: 2.482	Loglikelihood: -761218	(delta): 1029.41
27 (QN/Block) 	Elapsed: 2.501	Loglikelihood: -760507	(delta): 711.049
28 (QN/Block) 	Elapsed: 2.49	Loglikelihood: -760007	(delta): 499.61
29 (QN/Block) 	Elapsed: 2.525	Loglikelihood: -759704	(delta): 303.792
30 (QN/Block) 	Elapsed: 2.514	Loglikelihood: -759608	(delta): 95.8819
31 (QN/Block) 	Elapsed: 2.499	Loglikelihood: -759531	(delta): 76.7939
32 (QN/Block) 	Elapsed: 2.504	Loglikelihood: -759460	(delta): 71.0683
33 (QN/Block) 	Elapsed: 2.513	Loglikelihood: -759424	(delta): 35.7151
34 (QN/Block) 	Elapsed: 2.533	Loglikelihood: -759404	(delta): 20.4115
35 (QN/Block) 	Elapsed: 2.526	Loglikelihood: -759387	(delta): 17.1556
36 (QN/Block) 	Elapsed: 2.49	Loglikelihood: -759362	(delta): 24.679
37 (QN/Block) 	Elapsed: 2.507	Loglikelihood: -759341	(delta): 21.338
38 (QN/Block) 	Elapsed: 2.498	Loglikelihood: -759331	(delta): 9.49867
39 (QN/Block) 	Elapsed: 2.785	Loglikelihood: -759325	(delta): 6.40983
40 (QN/Block) 	Elapsed: 2.478	Loglikelihood: -759321	(delta): 3.44377
41 (QN/Block) 	Elapsed: 2.501	Loglikelihood: -759316	(delta): 5.41765
42 (QN/Block) 	Elapsed: 2.491	Loglikelihood: -759311	(delta): 4.44126
43 (QN/Block) 	Elapsed: 2.479	Loglikelihood: -759308	(delta): 3.22329
44 (QN/Block) 	Elapsed: 2.491	Loglikelihood: -759303	(delta): 5.53881
45 (QN/Block) 	Elapsed: 2.463	Loglikelihood: -759300	(delta): 2.88014
46 (QN/Block) 	Elapsed: 2.42	Loglikelihood: -759298	(delta): 1.34736
47 (QN/Block) 	Elapsed: 2.589	Loglikelihood: -759298	(delta): 0.731195
48 (QN/Block) 	Elapsed: 2.503	Loglikelihood: -759297	(delta): 0.685213
49 (QN/Block) 	Elapsed: 3.063	Loglikelihood: -759297	(delta): 0.373876
50 (QN/Block) 	Elapsed: 2.767	Loglikelihood: -759296	(delta): 0.323179
51 (QN/Block) 	Elapsed: 2.405	Loglikelihood: -759296	(delta): 0.349128
52 (QN/Block) 	Elapsed: 2.454	Loglikelihood: -759296	(delta): 0.288214
53 (QN/Block) 	Elapsed: 2.544	Loglikelihood: -759296	(delta): 0.0582145
54 (QN/Block) 	Elapsed: 3.051	Loglikelihood: -759296	(delta): 0.0553556
55 (QN/Block) 	Elapsed: 2.877	Loglikelihood: -759295	(delta): 0.0687515
56 (QN/Block) 	Elapsed: 2.751	Loglikelihood: -759295	(delta): 0.100122
57 (QN/Block) 	Elapsed: 5.134	Loglikelihood: -759295	(delta): 0.160196
58 (QN/Block) 	Elapsed: 6.451	Loglikelihood: -759295	(delta): 0.275737
59 (QN/Block) 	Elapsed: 6.249	Loglikelihood: -759295	(delta): 0.378567
60 (QN/Block) 	Elapsed: 6.667	Loglikelihood: -759294	(delta): 0.278787
61 (QN/Block) 	Elapsed: 6.56	Loglikelihood: -759294	(delta): 0.067005
62 (QN/Block) 	Elapsed: 6.586	Loglikelihood: -759294	(delta): 0.0130295
63 (QN/Block) 	Elapsed: 6.59	Loglikelihood: -759294	(delta): 0.012873
64 (QN/Block) 	Elapsed: 6.704	Loglikelihood: -759294	(delta): 0.022827
65 (QN/Block) 	Elapsed: 6.613	Loglikelihood: -759294	(delta): 0.0216922
66 (QN/Block) 	Elapsed: 6.559	Loglikelihood: -759294	(delta): 0.00132867
67 (QN/Block) 	Elapsed: 6.518	Loglikelihood: -759294	(delta): 0.00126746
68 (QN/Block) 	Elapsed: 6.572	Loglikelihood: -759294	(delta): 0.00128086
69 (QN/Block) 	Elapsed: 6.583	Loglikelihood: -759294	(delta): 0.00131742
70 (QN/Block) 	Elapsed: 6.569	Loglikelihood: -759294	(delta): 0.00137294
71 (QN/Block) 	Elapsed: 6.586	Loglikelihood: -759294	(delta): 0.00145008
72 (QN/Block) 	Elapsed: 6.546	Loglikelihood: -759294	(delta): 0.0015559
73 (QN/Block) 	Elapsed: 6.545	Loglikelihood: -759294	(delta): 0.00168468
74 (QN/Block) 	Elapsed: 6.359	Loglikelihood: -759294	(delta): 0.00184224
75 (QN/Block) 	Elapsed: 6.533	Loglikelihood: -759294	(delta): 0.00203696
76 (QN/Block) 	Elapsed: 6.405	Loglikelihood: -759294	(delta): 0.00200686
77 (QN/Block) 	Elapsed: 5.594	Loglikelihood: -759294	(delta): 0.000447534
78 (QN/Block) 	Elapsed: 4.016	Loglikelihood: -759294	(delta): 5.38762e-05
Summary: 
Converged in 78 iterations (297.289 sec)
Loglikelihood: -759294.101921
Fst divergences between estimated populations: 
	Pop0	Pop1	Pop2	
Pop0	
Pop1	0.043	
Pop2	0.019	0.047	
Pop3	0.029	0.058	0.037	
CV error (K=4): 0.06170
Writing output files.
