****                   ADMIXTURE Version 1.3.0                  ****
****                    Copyright 2008-2015                     ****
****           David Alexander, Suyash Shringarpure,            ****
****                John  Novembre, Ken Lange                   ****
****                                                            ****
****                 Please cite our paper!                     ****
****   Information at www.genetics.ucla.edu/software/admixture  ****

Parallel execution requested.  Will use 20 threads.
Treating all data as haploid
Cross-validation will be performed.  Folds=5.
Random seed: 12345
Point estimation method: Block relaxation algorithm
Convergence acceleration algorithm: QuasiNewton, 3 secant conditions
Point estimation will terminate when objective function delta < 0.0001
Estimation of standard errors disabled; will compute point estimates only.
./admixture_input.map
Size of G: 1127x13934
Performing five EM steps to prime main algorithm
1 (EM) 	Elapsed: 2.889	Loglikelihood: -1.0439e+06	(delta): 2.24083e+07
2 (EM) 	Elapsed: 2.898	Loglikelihood: -857079	(delta): 186824
3 (EM) 	Elapsed: 2.881	Loglikelihood: -844884	(delta): 12194.9
4 (EM) 	Elapsed: 2.723	Loglikelihood: -838891	(delta): 5993.77
5 (EM) 	Elapsed: 2.625	Loglikelihood: -834918	(delta): 3972.77
Initial loglikelihood: -834918
Starting main algorithm
1 (QN/Block) 	Elapsed: 4.22	Loglikelihood: -791309	(delta): 43609.1
2 (QN/Block) 	Elapsed: 2.816	Loglikelihood: -770416	(delta): 20892.7
3 (QN/Block) 	Elapsed: 2.782	Loglikelihood: -756461	(delta): 13955
4 (QN/Block) 	Elapsed: 2.902	Loglikelihood: -747200	(delta): 9261.05
5 (QN/Block) 	Elapsed: 2.876	Loglikelihood: -742477	(delta): 4723.38
6 (QN/Block) 	Elapsed: 2.835	Loglikelihood: -740642	(delta): 1834.31
7 (QN/Block) 	Elapsed: 2.748	Loglikelihood: -739902	(delta): 740.38
8 (QN/Block) 	Elapsed: 2.742	Loglikelihood: -739544	(delta): 357.498
9 (QN/Block) 	Elapsed: 2.769	Loglikelihood: -739302	(delta): 242.301
10 (QN/Block) 	Elapsed: 2.819	Loglikelihood: -739136	(delta): 166.391
11 (QN/Block) 	Elapsed: 2.743	Loglikelihood: -739062	(delta): 73.4873
12 (QN/Block) 	Elapsed: 3.007	Loglikelihood: -738931	(delta): 130.864
13 (QN/Block) 	Elapsed: 2.765	Loglikelihood: -738802	(delta): 129.737
14 (QN/Block) 	Elapsed: 5.231	Loglikelihood: -738688	(delta): 113.838
15 (QN/Block) 	Elapsed: 3.461	Loglikelihood: -738582	(delta): 106.176
16 (QN/Block) 	Elapsed: 2.889	Loglikelihood: -738469	(delta): 112.547
17 (QN/Block) 	Elapsed: 2.896	Loglikelihood: -738360	(delta): 109.063
18 (QN/Block) 	Elapsed: 2.906	Loglikelihood: -738307	(delta): 52.7724
19 (QN/Block) 	Elapsed: 2.962	Loglikelihood: -738280	(delta): 26.8727
20 (QN/Block) 	Elapsed: 2.895	Loglikelihood: -738272	(delta): 7.98385
21 (QN/Block) 	Elapsed: 2.878	Loglikelihood: -738258	(delta): 14.8245
22 (QN/Block) 	Elapsed: 2.873	Loglikelihood: -738246	(delta): 11.527
23 (QN/Block) 	Elapsed: 2.892	Loglikelihood: -738240	(delta): 5.59992
24 (QN/Block) 	Elapsed: 2.818	Loglikelihood: -738234	(delta): 6.25945
25 (QN/Block) 	Elapsed: 2.797	Loglikelihood: -738228	(delta): 6.13096
26 (QN/Block) 	Elapsed: 2.895	Loglikelihood: -738216	(delta): 12.1545
27 (QN/Block) 	Elapsed: 2.909	Loglikelihood: -738205	(delta): 10.7116
28 (QN/Block) 	Elapsed: 2.905	Loglikelihood: -738189	(delta): 15.8572
29 (QN/Block) 	Elapsed: 2.898	Loglikelihood: -738186	(delta): 3.06726
30 (QN/Block) 	Elapsed: 3.481	Loglikelihood: -738184	(delta): 2.62535
31 (QN/Block) 	Elapsed: 3.005	Loglikelihood: -738181	(delta): 2.88557
32 (QN/Block) 	Elapsed: 2.899	Loglikelihood: -738180	(delta): 0.472235
33 (QN/Block) 	Elapsed: 3.117	Loglikelihood: -738180	(delta): 0.27798
34 (QN/Block) 	Elapsed: 2.915	Loglikelihood: -738180	(delta): 0.145377
35 (QN/Block) 	Elapsed: 2.892	Loglikelihood: -738180	(delta): 0.26634
36 (QN/Block) 	Elapsed: 2.839	Loglikelihood: -738179	(delta): 0.775418
37 (QN/Block) 	Elapsed: 2.817	Loglikelihood: -738178	(delta): 0.751385
38 (QN/Block) 	Elapsed: 2.905	Loglikelihood: -738178	(delta): 0.119849
39 (QN/Block) 	Elapsed: 2.926	Loglikelihood: -738178	(delta): 0.00947381
40 (QN/Block) 	Elapsed: 2.876	Loglikelihood: -738178	(delta): 0.00774703
41 (QN/Block) 	Elapsed: 2.889	Loglikelihood: -738178	(delta): 0.0141061
42 (QN/Block) 	Elapsed: 2.766	Loglikelihood: -738178	(delta): 0.00983268
43 (QN/Block) 	Elapsed: 2.922	Loglikelihood: -738178	(delta): 0.0183837
44 (QN/Block) 	Elapsed: 2.825	Loglikelihood: -738178	(delta): 0.0581783
45 (QN/Block) 	Elapsed: 2.762	Loglikelihood: -738178	(delta): 0.291784
46 (QN/Block) 	Elapsed: 2.768	Loglikelihood: -738177	(delta): 0.391122
47 (QN/Block) 	Elapsed: 2.75	Loglikelihood: -738176	(delta): 1.25081
48 (QN/Block) 	Elapsed: 2.739	Loglikelihood: -738173	(delta): 2.50779
49 (QN/Block) 	Elapsed: 2.793	Loglikelihood: -738171	(delta): 2.31002
50 (QN/Block) 	Elapsed: 2.778	Loglikelihood: -738169	(delta): 1.66485
51 (QN/Block) 	Elapsed: 2.74	Loglikelihood: -738168	(delta): 1.74412
52 (QN/Block) 	Elapsed: 2.768	Loglikelihood: -738166	(delta): 1.73388
53 (QN/Block) 	Elapsed: 2.909	Loglikelihood: -738164	(delta): 1.91265
54 (QN/Block) 	Elapsed: 2.749	Loglikelihood: -738160	(delta): 4.18519
55 (QN/Block) 	Elapsed: 4.372	Loglikelihood: -738155	(delta): 4.35877
56 (QN/Block) 	Elapsed: 3.199	Loglikelihood: -738149	(delta): 6.88811
57 (QN/Block) 	Elapsed: 3.329	Loglikelihood: -738144	(delta): 4.21991
58 (QN/Block) 	Elapsed: 2.775	Loglikelihood: -738143	(delta): 1.15692
59 (QN/Block) 	Elapsed: 2.791	Loglikelihood: -738143	(delta): 0.088607
60 (QN/Block) 	Elapsed: 2.79	Loglikelihood: -738143	(delta): 0.307105
61 (QN/Block) 	Elapsed: 2.798	Loglikelihood: -738142	(delta): 0.669018
62 (QN/Block) 	Elapsed: 3.213	Loglikelihood: -738141	(delta): 0.697959
63 (QN/Block) 	Elapsed: 2.802	Loglikelihood: -738141	(delta): 0.522027
64 (QN/Block) 	Elapsed: 2.784	Loglikelihood: -738140	(delta): 0.612349
65 (QN/Block) 	Elapsed: 2.794	Loglikelihood: -738140	(delta): 0.51361
66 (QN/Block) 	Elapsed: 2.748	Loglikelihood: -738139	(delta): 0.491948
67 (QN/Block) 	Elapsed: 2.806	Loglikelihood: -738138	(delta): 0.912363
68 (QN/Block) 	Elapsed: 2.766	Loglikelihood: -738136	(delta): 2.19468
69 (QN/Block) 	Elapsed: 2.839	Loglikelihood: -738134	(delta): 2.01113
70 (QN/Block) 	Elapsed: 2.878	Loglikelihood: -738134	(delta): 0.174092
71 (QN/Block) 	Elapsed: 2.806	Loglikelihood: -738133	(delta): 0.659676
72 (QN/Block) 	Elapsed: 2.912	Loglikelihood: -738131	(delta): 2.27492
73 (QN/Block) 	Elapsed: 4.051	Loglikelihood: -738123	(delta): 8.47487
74 (QN/Block) 	Elapsed: 9.157	Loglikelihood: -738118	(delta): 4.48783
75 (QN/Block) 	Elapsed: 8.499	Loglikelihood: -738117	(delta): 1.46109
76 (QN/Block) 	Elapsed: 8.341	Loglikelihood: -738116	(delta): 0.227985
77 (QN/Block) 	Elapsed: 8.393	Loglikelihood: -738116	(delta): 0.0627245
78 (QN/Block) 	Elapsed: 9.095	Loglikelihood: -738116	(delta): 0.164079
79 (QN/Block) 	Elapsed: 8.979	Loglikelihood: -738116	(delta): 0.476052
80 (QN/Block) 	Elapsed: 5.997	Loglikelihood: -738115	(delta): 0.641648
81 (QN/Block) 	Elapsed: 2.738	Loglikelihood: -738114	(delta): 1.12278
82 (QN/Block) 	Elapsed: 2.917	Loglikelihood: -738113	(delta): 0.986674
83 (QN/Block) 	Elapsed: 3.037	Loglikelihood: -738113	(delta): 0.0414634
84 (QN/Block) 	Elapsed: 2.901	Loglikelihood: -738113	(delta): 0.0151616
85 (QN/Block) 	Elapsed: 2.754	Loglikelihood: -738113	(delta): 0.0192138
86 (QN/Block) 	Elapsed: 2.737	Loglikelihood: -738113	(delta): 0.0627331
87 (QN/Block) 	Elapsed: 2.856	Loglikelihood: -738113	(delta): 0.0275949
88 (QN/Block) 	Elapsed: 2.925	Loglikelihood: -738113	(delta): 0.0328715
89 (QN/Block) 	Elapsed: 8.016	Loglikelihood: -738113	(delta): 0.00444511
90 (QN/Block) 	Elapsed: 9.357	Loglikelihood: -738113	(delta): 0.000584845
91 (QN/Block) 	Elapsed: 9.293	Loglikelihood: -738113	(delta): 0.00054934
92 (QN/Block) 	Elapsed: 8.528	Loglikelihood: -738113	(delta): 0.00223865
93 (QN/Block) 	Elapsed: 7.272	Loglikelihood: -738113	(delta): 0.00399337
94 (QN/Block) 	Elapsed: 4.566	Loglikelihood: -738113	(delta): 0.0130664
95 (QN/Block) 	Elapsed: 2.946	Loglikelihood: -738113	(delta): 0.040526
96 (QN/Block) 	Elapsed: 3.066	Loglikelihood: -738113	(delta): 0.113301
97 (QN/Block) 	Elapsed: 2.827	Loglikelihood: -738112	(delta): 0.262201
98 (QN/Block) 	Elapsed: 2.914	Loglikelihood: -738112	(delta): 0.445229
99 (QN/Block) 	Elapsed: 2.917	Loglikelihood: -738112	(delta): 0.210478
100 (QN/Block) 	Elapsed: 2.977	Loglikelihood: -738112	(delta): 0.00223254
101 (QN/Block) 	Elapsed: 3.408	Loglikelihood: -738112	(delta): 0.00156202
102 (QN/Block) 	Elapsed: 3.893	Loglikelihood: -738112	(delta): 0.0008736
103 (QN/Block) 	Elapsed: 5.723	Loglikelihood: -738112	(delta): 0.00304872
104 (QN/Block) 	Elapsed: 7.403	Loglikelihood: -738112	(delta): 0.0112814
105 (QN/Block) 	Elapsed: 4.253	Loglikelihood: -738112	(delta): 0.0404467
106 (QN/Block) 	Elapsed: 2.759	Loglikelihood: -738111	(delta): 0.135535
107 (QN/Block) 	Elapsed: 2.856	Loglikelihood: -738111	(delta): 0.390571
108 (QN/Block) 	Elapsed: 2.745	Loglikelihood: -738111	(delta): 0.532528
109 (QN/Block) 	Elapsed: 2.766	Loglikelihood: -738111	(delta): 0.00379952
110 (QN/Block) 	Elapsed: 2.744	Loglikelihood: -738111	(delta): 0.000178662
111 (QN/Block) 	Elapsed: 2.763	Loglikelihood: -738111	(delta): 0.000457773
112 (QN/Block) 	Elapsed: 2.75	Loglikelihood: -738111	(delta): 0.000252155
113 (QN/Block) 	Elapsed: 2.767	Loglikelihood: -738111	(delta): 3.63151e-05
Summary: 
Converged in 113 iterations (425.132 sec)
Loglikelihood: -738110.551536
Fst divergences between estimated populations: 
	Pop0	Pop1	Pop2	Pop3	Pop4	
Pop0	
Pop1	0.019	
Pop2	0.086	0.105	
Pop3	0.029	0.016	0.153	
Pop4	0.017	0.026	0.085	0.038	
Pop5	0.014	0.018	0.086	0.028	0.016	
CV error (K=6): 0.06643
Writing output files.
