****                   ADMIXTURE Version 1.3.0                  ****
****                    Copyright 2008-2015                     ****
****           David Alexander, Suyash Shringarpure,            ****
****                John  Novembre, Ken Lange                   ****
****                                                            ****
****                 Please cite our paper!                     ****
****   Information at www.genetics.ucla.edu/software/admixture  ****

Parallel execution requested.  Will use 20 threads.
Treating all data as haploid
Cross-validation will be performed.  Folds=5.
Random seed: 12345
Point estimation method: Block relaxation algorithm
Convergence acceleration algorithm: QuasiNewton, 3 secant conditions
Point estimation will terminate when objective function delta < 0.0001
Estimation of standard errors disabled; will compute point estimates only.
./admixture_input.map
Size of G: 1127x13934
Performing five EM steps to prime main algorithm
1 (EM) 	Elapsed: 3.048	Loglikelihood: -1.05576e+06	(delta): 2.21478e+07
2 (EM) 	Elapsed: 2.998	Loglikelihood: -857127	(delta): 198638
3 (EM) 	Elapsed: 3.189	Loglikelihood: -844213	(delta): 12914.1
4 (EM) 	Elapsed: 2.408	Loglikelihood: -837811	(delta): 6401.64
5 (EM) 	Elapsed: 1.45	Loglikelihood: -833546	(delta): 4265.12
Initial loglikelihood: -833546
Starting main algorithm
1 (QN/Block) 	Elapsed: 3.188	Loglikelihood: -785412	(delta): 48133.7
2 (QN/Block) 	Elapsed: 3.133	Loglikelihood: -764025	(delta): 21387.2
3 (QN/Block) 	Elapsed: 3.197	Loglikelihood: -749729	(delta): 14295.8
4 (QN/Block) 	Elapsed: 6.232	Loglikelihood: -739693	(delta): 10035.9
5 (QN/Block) 	Elapsed: 8.367	Loglikelihood: -733194	(delta): 6499.03
6 (QN/Block) 	Elapsed: 4.411	Loglikelihood: -730009	(delta): 3185.74
7 (QN/Block) 	Elapsed: 3.24	Loglikelihood: -728335	(delta): 1673.93
8 (QN/Block) 	Elapsed: 3.236	Loglikelihood: -726958	(delta): 1376.6
9 (QN/Block) 	Elapsed: 3.239	Loglikelihood: -725947	(delta): 1011.38
10 (QN/Block) 	Elapsed: 3.239	Loglikelihood: -725201	(delta): 745.897
11 (QN/Block) 	Elapsed: 3.212	Loglikelihood: -724593	(delta): 608.246
12 (QN/Block) 	Elapsed: 3.236	Loglikelihood: -723905	(delta): 687.264
13 (QN/Block) 	Elapsed: 3.499	Loglikelihood: -723222	(delta): 682.949
14 (QN/Block) 	Elapsed: 3.269	Loglikelihood: -722606	(delta): 616.215
15 (QN/Block) 	Elapsed: 3.242	Loglikelihood: -722191	(delta): 415.568
16 (QN/Block) 	Elapsed: 3.232	Loglikelihood: -721541	(delta): 649.326
17 (QN/Block) 	Elapsed: 3.42	Loglikelihood: -720818	(delta): 722.957
18 (QN/Block) 	Elapsed: 3.223	Loglikelihood: -720225	(delta): 592.81
19 (QN/Block) 	Elapsed: 3.286	Loglikelihood: -719522	(delta): 702.954
20 (QN/Block) 	Elapsed: 3.261	Loglikelihood: -719033	(delta): 489.364
21 (QN/Block) 	Elapsed: 3.249	Loglikelihood: -718758	(delta): 275.401
22 (QN/Block) 	Elapsed: 3.23	Loglikelihood: -718556	(delta): 201.984
23 (QN/Block) 	Elapsed: 3.202	Loglikelihood: -718286	(delta): 269.648
24 (QN/Block) 	Elapsed: 3.225	Loglikelihood: -718076	(delta): 210.348
25 (QN/Block) 	Elapsed: 5.168	Loglikelihood: -717985	(delta): 91.1073
26 (QN/Block) 	Elapsed: 9.368	Loglikelihood: -717916	(delta): 68.4425
27 (QN/Block) 	Elapsed: 8.581	Loglikelihood: -717888	(delta): 28.5207
28 (QN/Block) 	Elapsed: 5.245	Loglikelihood: -717860	(delta): 27.4223
29 (QN/Block) 	Elapsed: 3.283	Loglikelihood: -717844	(delta): 16.0608
30 (QN/Block) 	Elapsed: 3.703	Loglikelihood: -717836	(delta): 8.4112
31 (QN/Block) 	Elapsed: 3.715	Loglikelihood: -717832	(delta): 3.28149
32 (QN/Block) 	Elapsed: 4.525	Loglikelihood: -717832	(delta): 0.890933
33 (QN/Block) 	Elapsed: 5.845	Loglikelihood: -717831	(delta): 0.365969
34 (QN/Block) 	Elapsed: 7.863	Loglikelihood: -717830	(delta): 0.747423
35 (QN/Block) 	Elapsed: 7.938	Loglikelihood: -717828	(delta): 2.17429
36 (QN/Block) 	Elapsed: 8.431	Loglikelihood: -717827	(delta): 1.78133
37 (QN/Block) 	Elapsed: 8.405	Loglikelihood: -717826	(delta): 0.189738
38 (QN/Block) 	Elapsed: 9.497	Loglikelihood: -717826	(delta): 0.240512
39 (QN/Block) 	Elapsed: 9.458	Loglikelihood: -717826	(delta): 0.260033
40 (QN/Block) 	Elapsed: 9	Loglikelihood: -717826	(delta): 0.22955
41 (QN/Block) 	Elapsed: 7.525	Loglikelihood: -717825	(delta): 0.183856
42 (QN/Block) 	Elapsed: 3.097	Loglikelihood: -717825	(delta): 0.0358559
43 (QN/Block) 	Elapsed: 3.162	Loglikelihood: -717825	(delta): 0.00307642
44 (QN/Block) 	Elapsed: 3.226	Loglikelihood: -717825	(delta): 0.00492869
45 (QN/Block) 	Elapsed: 3.522	Loglikelihood: -717825	(delta): 0.000990971
46 (QN/Block) 	Elapsed: 3.926	Loglikelihood: -717825	(delta): 0.00214143
47 (QN/Block) 	Elapsed: 3.266	Loglikelihood: -717825	(delta): 0.000609953
48 (QN/Block) 	Elapsed: 3.213	Loglikelihood: -717825	(delta): 9.93256e-07
Summary: 
Converged in 48 iterations (242.289 sec)
Loglikelihood: -717825.382826
Fst divergences between estimated populations: 
	Pop0	Pop1	Pop2	Pop3	Pop4	Pop5	
Pop0	
Pop1	0.013	
Pop2	0.117	0.103	
Pop3	0.031	0.031	0.129	
Pop4	0.012	0.012	0.111	0.032	
Pop5	0.017	0.014	0.102	0.035	0.016	
Pop6	0.035	0.039	0.219	0.041	0.037	0.043	
CV error (K=7): 0.06661
Writing output files.
